<?xml version="1.0" encoding="UTF-8"?>
<!-- Generated by org.testng.reporters.JUnitReportReporter -->
<testsuite hostname="DESKTOP-0DR6D8M" failures="0" tests="2" name="TestNGCodeStudio.TestngPractice.CurrentAccountTestClass1" time="0.002" errors="0" timestamp="2022-12-20T18:06:05 IST" skipped="0">
  <testcase classname="TestNGCodeStudio.TestngPractice.CurrentAccountTestClass1" name="test1" time="0.000"/>
  <system-out/>
  <testcase classname="TestNGCodeStudio.TestngPractice.CurrentAccountTestClass1" name="test2" time="0.002"/>
  <system-out/>
</testsuite> <!-- TestNGCodeStudio.TestngPractice.CurrentAccountTestClass1 -->
