<?xml version="1.0" encoding="UTF-8"?>
<!-- Generated by org.testng.reporters.JUnitReportReporter -->
<testsuite hostname="DESKTOP-0DR6D8M" failures="0" tests="2" name="TestNGCodeStudio.TestngPractice.AnnotationsDemo" time="0.008" errors="0" timestamp="2022-12-20T19:38:48 IST" skipped="0">
  <testcase classname="TestNGCodeStudio.TestngPractice.AnnotationsDemo" name="test1" time="0.007"/>
  <system-out/>
  <testcase classname="TestNGCodeStudio.TestngPractice.AnnotationsDemo" name="test2" time="0.001"/>
  <system-out/>
</testsuite> <!-- TestNGCodeStudio.TestngPractice.AnnotationsDemo -->
