<?xml version="1.0" encoding="UTF-8"?>
<!-- Generated by org.testng.reporters.JUnitReportReporter -->
<testsuite hostname="DESKTOP-0DR6D8M" failures="0" tests="2" name="TestNGCodeStudio.TestngPractice.TestNgParamaterGoogleSearch" time="53.671" errors="0" timestamp="2022-12-21T17:05:45 IST" skipped="0">
  <testcase classname="TestNGCodeStudio.TestngPractice.TestNgParamaterGoogleSearch" name="googleSearch" time="4.005"/>
  <system-out/>
  <testcase classname="TestNGCodeStudio.TestngPractice.TestNgParamaterGoogleSearch" name="googleSearch" time="49.666"/>
  <system-out/>
</testsuite> <!-- TestNGCodeStudio.TestngPractice.TestNgParamaterGoogleSearch -->
