<?xml version="1.0" encoding="UTF-8"?>
<!-- Generated by org.testng.reporters.JUnitReportReporter -->
<testsuite hostname="DESKTOP-0DR6D8M" failures="0" tests="1" name="TestNGCodeStudio.TestngPractice.TestNgParamaterAutomobile" time="0.010" errors="0" timestamp="2022-12-21T11:19:30 IST" skipped="0">
  <testcase classname="TestNGCodeStudio.TestngPractice.TestNgParamaterAutomobile" name="testcase1" time="0.010"/>
  <system-out/>
</testsuite> <!-- TestNGCodeStudio.TestngPractice.TestNgParamaterAutomobile -->
