<?xml version="1.0" encoding="UTF-8"?>
<!-- Generated by org.testng.reporters.JUnitReportReporter -->
<testsuite hostname="DESKTOP-0DR6D8M" failures="0" tests="2" name="TestNGCodeStudio.TestngPractice.ParallelTestDemo" time="9.208" errors="0" timestamp="2022-12-21T20:38:51 IST" skipped="0">
  <testcase classname="TestNGCodeStudio.TestngPractice.ParallelTestDemo" name="verifyLogo" time="5.432"/>
  <system-out/>
  <testcase classname="TestNGCodeStudio.TestngPractice.ParallelTestDemo" name="verifyTitle" time="3.776"/>
  <system-out/>
</testsuite> <!-- TestNGCodeStudio.TestngPractice.ParallelTestDemo -->
