<?xml version="1.0" encoding="UTF-8"?>
<!-- Generated by org.testng.reporters.JUnitReportReporter -->
<testsuite hostname="DESKTOP-0DR6D8M" failures="0" tests="1" name="TestNGCodeStudio.TestngPractice.ParallelTstDemo2" time="5.647" errors="0" timestamp="2022-12-21T20:38:51 IST" skipped="0">
  <testcase classname="TestNGCodeStudio.TestngPractice.ParallelTstDemo2" name="verifyLogin" time="5.647"/>
  <system-out/>
</testsuite> <!-- TestNGCodeStudio.TestngPractice.ParallelTstDemo2 -->
