<?xml version="1.0" encoding="UTF-8"?>
<!-- Generated by org.testng.reporters.JUnitReportReporter -->
<testsuite hostname="DESKTOP-0DR6D8M" failures="0" tests="3" name="TestNGCodeStudio.TestngPractice.LoanDept" time="0.013" errors="0" timestamp="2022-12-20T18:45:57 IST" skipped="0">
  <testcase classname="TestNGCodeStudio.TestngPractice.LoanDept" name="webLoginAutomobileLoan" time="0.000"/>
  <system-out/>
  <testcase classname="TestNGCodeStudio.TestngPractice.LoanDept" name="apiLoginAutomobileLoan" time="0.012"/>
  <system-out/>
  <testcase classname="TestNGCodeStudio.TestngPractice.LoanDept" name="webLoginPersonalLoan" time="0.001"/>
  <system-out/>
</testsuite> <!-- TestNGCodeStudio.TestngPractice.LoanDept -->
