<?xml version="1.0" encoding="UTF-8"?>
<!-- Generated by org.testng.reporters.JUnitReportReporter -->
<testsuite hostname="DESKTOP-0DR6D8M" failures="0" tests="1" name="TestNGCodeStudio.TestngPractice.TestNgParameterSoftware" time="0.001" errors="0" timestamp="2022-12-21T11:19:30 IST" skipped="0">
  <testcase classname="TestNGCodeStudio.TestngPractice.TestNgParameterSoftware" name="testcase1" time="0.001"/>
  <system-out/>
</testsuite> <!-- TestNGCodeStudio.TestngPractice.TestNgParameterSoftware -->
