<?xml version="1.0" encoding="UTF-8"?>
<!-- Generated by org.testng.reporters.JUnitReportReporter -->
<testsuite hostname="DESKTOP-0DR6D8M" failures="0" tests="2" name="TestNGCodeStudio.TestngPractice.GroupsDemo" time="0.009" errors="0" timestamp="2022-12-20T22:51:59 IST" skipped="0">
  <testcase classname="TestNGCodeStudio.TestngPractice.GroupsDemo" name="maruti" time="0.008"/>
  <system-out/>
  <testcase classname="TestNGCodeStudio.TestngPractice.GroupsDemo" name="tata" time="0.001"/>
  <system-out/>
</testsuite> <!-- TestNGCodeStudio.TestngPractice.GroupsDemo -->
