<?xml version="1.0" encoding="UTF-8"?>
<!-- Generated by org.testng.reporters.JUnitReportReporter -->
<testsuite hostname="DESKTOP-0DR6D8M" failures="0" tests="3" name="TestNGCodeStudio.TestngPractice.TestNgParameterDemo" time="0.007" errors="0" timestamp="2022-12-21T00:12:12 IST" skipped="0">
  <testcase classname="TestNGCodeStudio.TestngPractice.TestNgParameterDemo" name="multiplication" time="0.000"/>
  <system-out/>
  <testcase classname="TestNGCodeStudio.TestngPractice.TestNgParameterDemo" name="addition" time="0.006"/>
  <system-out/>
  <testcase classname="TestNGCodeStudio.TestngPractice.TestNgParameterDemo" name="substraction" time="0.001"/>
  <system-out/>
</testsuite> <!-- TestNGCodeStudio.TestngPractice.TestNgParameterDemo -->
