<?xml version="1.0" encoding="UTF-8"?>
<!-- Generated by org.testng.reporters.JUnitReportReporter -->
<testsuite hostname="DESKTOP-0DR6D8M" failures="0" tests="2" name="TestNGCodeStudio.TestngPractice.Testcase1" time="0.004" errors="0" timestamp="2023-01-21T23:39:30 IST" skipped="0">
  <testcase classname="TestNGCodeStudio.TestngPractice.Testcase1" name="test2" time="0.001"/>
  <system-out/>
  <testcase classname="TestNGCodeStudio.TestngPractice.Testcase1" name="test1" time="0.003"/>
  <system-out/>
</testsuite> <!-- TestNGCodeStudio.TestngPractice.Testcase1 -->
